# npm audit report

esbuild  <=0.24.2
Severity: moderate
esbuild enables any website to send any requests to the development server and read the response - https://github.com/advisories/GHSA-67mh-4wv8-2f99
fix available via `npm audit fix --force`
Will install vitepress@0.1.1, which is a breaking change
node_modules/@remix-run/dev/node_modules/esbuild
node_modules/esbuild
node_modules/vite/node_modules/esbuild
packages/error-handling/node_modules/vite-node/node_modules/esbuild
packages/error-handling/node_modules/vitest/node_modules/esbuild
  @remix-run/dev  *
  Depends on vulnerable versions of @vanilla-extract/integration
  Depends on vulnerable versions of esbuild
  Depends on vulnerable versions of remark-mdx-frontmatter
  node_modules/@remix-run/dev
  @storybook/builder-manager  <=8.2.0-beta.3
  Depends on vulnerable versions of @storybook/core-common
  Depends on vulnerable versions of esbuild
  node_modules/@storybook/builder-manager
    @storybook/core-server  <=0.0.0-pr-28385-sha-9aab3bd7 || 6.5.17-alpha.0 - 8.2.0-beta.3
    Depends on vulnerable versions of @storybook/builder-manager
    Depends on vulnerable versions of @storybook/core-common
    Depends on vulnerable versions of @storybook/telemetry
    node_modules/@storybook/core-server
  @storybook/core-common  <=0.0.0-pr-28385-sha-9aab3bd7 || 6.5.17-alpha.0 - 8.2.0-beta.3
  Depends on vulnerable versions of esbuild
  node_modules/@storybook/core-common
    @storybook/addon-essentials  <=0.0.0-pr-30567-sha-cd9d89ab || 6.5.17-alpha.0 - 8.2.0-beta.3
    Depends on vulnerable versions of @storybook/addon-controls
    Depends on vulnerable versions of @storybook/addon-docs
    Depends on vulnerable versions of @storybook/core-common
    node_modules/@storybook/addon-essentials
    @storybook/builder-vite  <=0.0.0-pr-29687-sha-d977033a || 7.0.0-alpha.25 - 8.4.5 || 8.5.0-alpha.0 - 8.5.0-beta.11
    Depends on vulnerable versions of @storybook/core-common
    Depends on vulnerable versions of vite
    node_modules/@storybook/builder-vite
      @storybook/react-vite  <=8.4.5 || 8.5.0-alpha.0 - 8.5.0-beta.11
      Depends on vulnerable versions of @joshwooding/vite-plugin-react-docgen-typescript
      Depends on vulnerable versions of @storybook/builder-vite
      Depends on vulnerable versions of @storybook/react
      Depends on vulnerable versions of @vitejs/plugin-react
      Depends on vulnerable versions of vite
      node_modules/@storybook/react-vite
    @storybook/cli  <=0.0.0-pr-28385-sha-9aab3bd7 || 6.5.17-alpha.0 - 8.2.0-beta.3
    Depends on vulnerable versions of @storybook/core-common
    Depends on vulnerable versions of @storybook/core-server
    Depends on vulnerable versions of @storybook/telemetry
    node_modules/@storybook/cli
      storybook  <=0.0.0-pr-32859-sha-0ff3fd82 || 6.5.17-alpha.0 - 8.2.0-beta.3
      Depends on vulnerable versions of @storybook/cli
      node_modules/storybook
    @storybook/docs-tools  <=0.0.0-pr-28385-sha-9aab3bd7 || 6.5.17-alpha.0 - 8.2.0-beta.3
    Depends on vulnerable versions of @storybook/core-common
    node_modules/@storybook/docs-tools
      @storybook/blocks  <=8.2.0-beta.3
      Depends on vulnerable versions of @storybook/docs-tools
      node_modules/@storybook/blocks
        @storybook/addon-controls  <=0.0.0-pr-28385-sha-9aab3bd7 || 6.5.17-alpha.0 - 8.2.0-beta.3
        Depends on vulnerable versions of @storybook/blocks
        node_modules/@storybook/addon-controls
        @storybook/addon-docs  <=0.0.0-pr-30567-sha-cd9d89ab || 6.5.17-alpha.0 - 8.2.0-beta.3
        Depends on vulnerable versions of @storybook/blocks
        node_modules/@storybook/addon-docs
      @storybook/react  <=0.0.0-pr-28385-sha-9aab3bd7 || 6.5.17-alpha.0 - 8.2.0-beta.3
      Depends on vulnerable versions of @storybook/docs-tools
      node_modules/@storybook/react
    @storybook/telemetry  <=0.0.0-pr-28385-sha-9aab3bd7 || 6.5.17-alpha.0 - 8.2.0-beta.3
    Depends on vulnerable versions of @storybook/core-common
    node_modules/@storybook/telemetry
  @vanilla-extract/integration  *
  Depends on vulnerable versions of esbuild
  Depends on vulnerable versions of vite
  Depends on vulnerable versions of vite-node
  node_modules/@vanilla-extract/integration
  vite  0.11.0 - 6.1.6
  Depends on vulnerable versions of esbuild
  node_modules/vite
  packages/error-handling/node_modules/vite-node/node_modules/vite
  packages/error-handling/node_modules/vitest/node_modules/vite
    @joshwooding/vite-plugin-react-docgen-typescript  <=0.0.0-snapshot-20231005222330 || 0.1.0 - 0.4.1
    Depends on vulnerable versions of vite
    node_modules/@joshwooding/vite-plugin-react-docgen-typescript
    @vitejs/plugin-react  2.0.0-alpha.0 - 4.3.3
    Depends on vulnerable versions of vite
    node_modules/@vitejs/plugin-react
    @vitest/mocker  <=3.0.0-beta.4
    Depends on vulnerable versions of vite
    node_modules/@vitest/mocker
      vitest  0.0.1 - 0.0.12 || 0.0.29 - 0.0.122 || 0.3.3 - 3.0.0-beta.4
      Depends on vulnerable versions of @vitest/mocker
      Depends on vulnerable versions of vite
      Depends on vulnerable versions of vite-node
      packages/cli/node_modules/vitest
      packages/error-handling/node_modules/vitest
    vite-node  <=2.2.0-beta.2
    Depends on vulnerable versions of vite
    node_modules/@vanilla-extract/integration/node_modules/vite-node
    packages/cli/node_modules/vite-node
    packages/error-handling/node_modules/vite-node
    vitepress  0.2.0 - 1.6.4
    Depends on vulnerable versions of vite
    node_modules/vitepress

estree-util-value-to-estree  <3.3.3
Severity: moderate
estree-util-value-to-estree allows prototype pollution in generated ESTree - https://github.com/advisories/GHSA-f7f6-9jq7-3rqj
fix available via `npm audit fix`
node_modules/estree-util-value-to-estree
  remark-mdx-frontmatter  <=2.1.1
  Depends on vulnerable versions of estree-util-value-to-estree
  node_modules/remark-mdx-frontmatter

next  15.0.0-canary.0 - 15.4.6
Severity: critical
Information exposure in Next.js dev server due to lack of origin verification - https://github.com/advisories/GHSA-3h52-269p-cp9r
Next.JS vulnerability can lead to DoS via cache poisoning  - https://github.com/advisories/GHSA-67rr-84xm-4c7r
Next.js Affected by Cache Key Confusion for Image Optimization API Routes - https://github.com/advisories/GHSA-g5qg-72qw-gw5v
Next.js Content Injection Vulnerability for Image Optimization - https://github.com/advisories/GHSA-xv57-4mr9-wg8v
Next.js Improper Middleware Redirect Handling Leads to SSRF - https://github.com/advisories/GHSA-4342-x723-ch2f
Next.js Race Condition to Cache Poisoning - https://github.com/advisories/GHSA-qpjv-v59x-3qc4
Authorization Bypass in Next.js Middleware - https://github.com/advisories/GHSA-f82v-jwr5-mffw
fix available via `npm audit fix --force`
Will install next@15.5.6, which is outside the stated dependency range
examples/analytics-console-demo/node_modules/next
examples/rag-workbench-demo/node_modules/next

27 vulnerabilities (26 moderate, 1 critical)

To address issues that do not require attention, run:
  npm audit fix

To address all issues possible (including breaking changes), run:
  npm audit fix --force

Some issues need review, and may require choosing
a different dependency.
