npm warn exec The following package was not found and will be installed: ts-prune@0.10.3
src/index.ts:12 - MessageProps
src/index.ts:23 - Message
src/index.ts:15 - MessageListProps
src/index.ts:29 - MessageList
src/index.ts:7 - ChatInputProps
src/index.ts:17 - ChatInput
src/index.ts:6 - InputSuggestion
src/index.ts:15 - AdvancedChatInputProps
src/index.ts:43 - AdvancedChatInput
src/index.ts:9 - ChatWindowProps
src/index.ts:26 - ChatWindow
src/index.ts:27 - ModelSelector
src/index.ts:10 - ModelSelectorProps
src/index.ts:46 - StreamingMessage
src/index.ts:17 - StreamingMessageProps
src/index.ts:38 - ToolInvocationCard
src/index.ts:11 - ToolStatus
src/index.ts:13 - ToolInvocationCardProps
src/index.ts:28 - CitationCard
src/index.ts:11 - CitationCardProps
src/index.ts:14 - ThinkingIndicatorProps
src/index.ts:19 - ThinkingIndicator
src/index.ts:7 - CopyButtonProps
src/index.ts:12 - CopyButton
src/index.ts:6 - FileUploadProps
src/index.ts:14 - FileUpload
src/index.ts:6 - ContextCardProps
src/index.ts:15 - ContextCard
src/index.ts:8 - ContextManagerProps
src/index.ts:19 - ContextManager
src/index.ts:6 - ProjectSidebarProps
src/index.ts:21 - ProjectSidebar
src/index.ts:18 - PromptLibraryProps
src/index.ts:29 - PromptLibrary
src/index.ts:17 - SettingsPanelProps
src/index.ts:24 - SettingsPanel
src/index.ts:16 - UsageDashboardProps
src/index.ts:24 - UsageDashboard
src/index.ts:147 - useLinkPreview
src/index.ts:5 - LinkMetadata
src/index.ts:14 - LinkPreviewProps
src/index.ts:22 - LinkPreview
src/index.ts:198 - InlineLinkProps
src/index.ts:205 - InlineLink
src/index.ts:18 - KnowledgeBaseViewerProps
src/index.ts:27 - KnowledgeBaseViewer
src/index.ts:16 - ExportDialogProps
src/index.ts:25 - ExportDialog
src/index.ts:8 - StreamCancellationProps
src/index.ts:68 - StreamCancellation
src/index.ts:6 - ErrorBoundaryProps
src/index.ts:157 - ErrorBoundary
src/index.ts:132 - RetryButton
src/index.ts:6 - RetryErrorType
src/index.ts:11 - RetryButtonProps
src/index.ts:120 - NetworkStatus
src/index.ts:6 - NetworkConnectionStatus
src/index.ts:11 - NetworkStatusProps
src/index.ts:130 - TokenCounter
src/index.ts:6 - TokenCounterProps
src/index.ts:145 - ContextVisualizer
src/index.ts:6 - ContextMessage
src/index.ts:21 - ContextVisualizerProps
src/index.ts:151 - ConversationList
src/index.ts:6 - Conversation
src/index.ts:21 - SortOption
src/index.ts:26 - FilterOptions
src/index.ts:36 - ConversationListProps
src/index.ts:19 - useChat
src/index.ts:5 - UseChatOptions
src/index.ts:10 - UseChatReturn
src/index.ts:16 - useStreaming
src/index.ts:3 - UseStreamingOptions
src/index.ts:9 - UseStreamingReturn
src/index.ts:175 - useStreamingSSE
src/index.ts:6 - SSEStatus
src/index.ts:11 - SSEEvent
src/index.ts:27 - UseStreamingSSEOptions
src/index.ts:83 - UseStreamingSSEReturn
src/index.ts:190 - useStreamingWebSocket
src/index.ts:6 - WebSocketStatus
src/index.ts:18 - WebSocketMessage
src/index.ts:32 - UseStreamingWebSocketOptions
src/index.ts:88 - UseStreamingWebSocketReturn
src/index.ts:65 - useAutoScroll
src/index.ts:3 - UseAutoScrollOptions
src/index.ts:25 - UseAutoScrollReturn
src/index.ts:52 - useClipboard
src/index.ts:3 - UseClipboardOptions
src/index.ts:19 - UseClipboardReturn
src/index.ts:17 - useDebounce
src/index.ts:44 - useDebouncedCallback
src/index.ts:18 - useThrottle
src/index.ts:52 - useThrottledCallback
src/index.ts:20 - useEventListener
src/index.ts:47 - useIntersectionObserver
src/index.ts:3 - UseIntersectionObserverOptions
src/index.ts:11 - UseIntersectionObserverReturn
src/index.ts:34 - useLocalStorage
src/index.ts:3 - UseLocalStorageOptions
src/index.ts:15 - useMediaQuery
src/index.ts:60 - useBreakpoint
src/index.ts:22 - useMounted
src/index.ts:20 - usePrevious
src/index.ts:44 - useToggle
src/index.ts:3 - UseToggleReturn
src/index.ts:23 - useWindowSize
src/index.ts:3 - WindowSize
src/index.ts:202 - useErrorRecovery
src/index.ts:6 - UseErrorRecoveryOptions
src/index.ts:35 - UseErrorRecoveryReturn
src/index.ts:194 - useTokenTracker
src/index.ts:6 - MODEL_PRICING
src/index.ts:18 - MODEL_LIMITS
src/index.ts:30 - MessageWithTokens
src/index.ts:39 - UseTokenTrackerOptions
src/index.ts:68 - UseTokenTrackerReturn
src/index.ts:201 - useMessageOperations
src/index.ts:6 - MessageWithOperations
src/index.ts:26 - MessageOperation
src/index.ts:36 - UseMessageOperationsOptions
src/index.ts:59 - UseMessageOperationsReturn
src/index.ts:147 - useRealisticTyping
src/index.ts:6 - TypingStage
src/index.ts:16 - UseRealisticTypingOptions
src/index.ts:48 - UseRealisticTypingReturn
src/index.ts:48 - useOptimisticMessage
src/index.ts:216 - useOptimisticState
src/index.ts:11 - OptimisticMessage
src/index.ts:18 - UseOptimisticMessageOptions
src/index.ts:33 - UseOptimisticMessageReturn
src/index.ts:194 - UseOptimisticStateOptions
src/index.ts:205 - UseOptimisticStateReturn
src/index.ts:22 - useRenderPerformance
src/index.ts:67 - useWhyDidYouUpdate
src/index.ts:96 - useMountTime
src/index.ts:116 - useSlowRenderDetection
src/index.ts:170 - useLazyLoad
src/index.ts:209 - useDebouncePerformance
src/index.ts:231 - useThrottlePerformance
src/index.ts:257 - useMemoryLeakDetector
src/index.ts:12 - PerformanceMetrics
src/index.ts:137 - PerformanceReportProps
src/index.ts:142 - PerformanceReport
src/index.ts:16 - isMobile
src/index.ts:24 - isTouchDevice
src/index.ts:32 - getViewportSize
src/index.ts:46 - useIsMobile
src/index.ts:64 - useIsTouchDevice
src/index.ts:77 - useViewportSize
src/index.ts:107 - getTouchTargetClass
src/index.ts:132 - useSwipe
src/index.ts:193 - useLongPress
src/index.ts:235 - usePullToRefresh
src/index.ts:291 - preventDoubleTapZoom
src/index.ts:309 - useSafeAreaInsets
src/index.ts:336 - hapticFeedback
src/index.ts:351 - useHapticFeedback
src/index.ts:95 - TOUCH_TARGET
src/index.ts:120 - SwipeDirection
src/index.ts:122 - SwipeEvent
src/index.ts:13 - SkeletonProps
src/index.ts:27 - Skeleton
src/index.ts:80 - SkeletonTextProps
src/index.ts:94 - SkeletonText
src/index.ts:120 - SkeletonAvatarProps
src/index.ts:128 - SkeletonAvatar
src/index.ts:147 - SkeletonMessageProps
src/index.ts:159 - SkeletonMessage
src/index.ts:194 - SkeletonCardProps
src/index.ts:210 - SkeletonCard
src/index.ts:254 - SkeletonListProps
src/index.ts:266 - SkeletonList
src/index.ts:290 - SkeletonButtonProps
src/index.ts:300 - SkeletonButton
src/index.ts:320 - SkeletonInputProps
src/index.ts:332 - SkeletonInput
src/index.ts:352 - SkeletonChatWindow
src/index.ts:19 - AnimatedListProps
src/index.ts:37 - AnimatedList
src/index.ts:60 - AnimatedListItemProps
src/index.ts:76 - AnimatedListItem
src/index.ts:99 - FadePresence
src/index.ts:124 - SlidePresence
src/index.ts:151 - ScalePresence
src/index.ts:177 - ConditionalPresence
src/index.ts:211 - StaggerContainer
src/index.ts:235 - AnimatedGrid
src/index.ts:293 - useToast
src/index.ts:24 - ToastType
src/index.ts:25 - ToastPosition
src/index.ts:33 - Toast
src/index.ts:45 - ToastProps
src/index.ts:52 - ToastItem
src/index.ts:139 - ToastContainerProps
src/index.ts:145 - ToastContainer
src/index.ts:195 - ToastProviderProps
src/index.ts:202 - ToastProvider
src/index.ts:316 - toast
